{"/Users/difalcoa/Desktop/epicodus/code-review-5/src/solar-age.js": {"path":"/Users/difalcoa/Desktop/epicodus/code-review-5/src/solar-age.js","statementMap":{"0":{"start":{"line":3,"column":4},"end":{"line":3,"column":24}},"1":{"start":{"line":4,"column":4},"end":{"line":4,"column":24}},"2":{"start":{"line":5,"column":4},"end":{"line":5,"column":22}},"3":{"start":{"line":6,"column":4},"end":{"line":6,"column":21}},"4":{"start":{"line":7,"column":4},"end":{"line":7,"column":24}},"5":{"start":{"line":11,"column":24},"end":{"line":11,"column":28}},"6":{"start":{"line":12,"column":4},"end":{"line":12,"column":62}},"7":{"start":{"line":16,"column":22},"end":{"line":16,"column":26}},"8":{"start":{"line":17,"column":4},"end":{"line":17,"column":58}},"9":{"start":{"line":21,"column":21},"end":{"line":21,"column":25}},"10":{"start":{"line":22,"column":4},"end":{"line":22,"column":56}},"11":{"start":{"line":26,"column":24},"end":{"line":26,"column":29}},"12":{"start":{"line":27,"column":4},"end":{"line":27,"column":62}},"13":{"start":{"line":31,"column":19},"end":{"line":31,"column":47}},"14":{"start":{"line":32,"column":4},"end":{"line":34,"column":5}},"15":{"start":{"line":32,"column":17},"end":{"line":32,"column":18}},"16":{"start":{"line":33,"column":6},"end":{"line":33,"column":72}},"17":{"start":{"line":35,"column":4},"end":{"line":35,"column":20}}},"fnMap":{"0":{"name":"(anonymous_0)","decl":{"start":{"line":2,"column":2},"end":{"line":2,"column":3}},"loc":{"start":{"line":2,"column":18},"end":{"line":8,"column":3}},"line":2},"1":{"name":"(anonymous_1)","decl":{"start":{"line":10,"column":2},"end":{"line":10,"column":3}},"loc":{"start":{"line":10,"column":17},"end":{"line":13,"column":3}},"line":10},"2":{"name":"(anonymous_2)","decl":{"start":{"line":15,"column":2},"end":{"line":15,"column":3}},"loc":{"start":{"line":15,"column":15},"end":{"line":18,"column":3}},"line":15},"3":{"name":"(anonymous_3)","decl":{"start":{"line":20,"column":2},"end":{"line":20,"column":3}},"loc":{"start":{"line":20,"column":14},"end":{"line":23,"column":3}},"line":20},"4":{"name":"(anonymous_4)","decl":{"start":{"line":25,"column":2},"end":{"line":25,"column":3}},"loc":{"start":{"line":25,"column":17},"end":{"line":28,"column":3}},"line":25},"5":{"name":"(anonymous_5)","decl":{"start":{"line":30,"column":2},"end":{"line":30,"column":3}},"loc":{"start":{"line":30,"column":21},"end":{"line":36,"column":3}},"line":30}},"branchMap":{},"s":{"0":6,"1":6,"2":6,"3":6,"4":6,"5":1,"6":1,"7":1,"8":1,"9":1,"10":1,"11":1,"12":1,"13":1,"14":1,"15":1,"16":5,"17":1},"f":{"0":6,"1":1,"2":1,"3":1,"4":1,"5":1},"b":{},"_coverageSchema":"43e27e138ebf9cfc5966b082cf9a028302ed4184","hash":"9f99227afd4d67b7ea1f75a88d034969590bb9a2"}
}
