{"/Users/difalcoa/Desktop/epicodus/code-review-5/src/solar-age.js": {"path":"/Users/difalcoa/Desktop/epicodus/code-review-5/src/solar-age.js","statementMap":{"0":{"start":{"line":3,"column":4},"end":{"line":3,"column":39}},"1":{"start":{"line":4,"column":4},"end":{"line":4,"column":24}},"2":{"start":{"line":5,"column":4},"end":{"line":5,"column":24}},"3":{"start":{"line":6,"column":4},"end":{"line":6,"column":22}},"4":{"start":{"line":7,"column":4},"end":{"line":7,"column":21}},"5":{"start":{"line":8,"column":4},"end":{"line":8,"column":24}},"6":{"start":{"line":12,"column":24},"end":{"line":12,"column":28}},"7":{"start":{"line":13,"column":4},"end":{"line":13,"column":62}},"8":{"start":{"line":17,"column":22},"end":{"line":17,"column":26}},"9":{"start":{"line":18,"column":4},"end":{"line":18,"column":58}},"10":{"start":{"line":22,"column":21},"end":{"line":22,"column":25}},"11":{"start":{"line":23,"column":4},"end":{"line":23,"column":56}},"12":{"start":{"line":27,"column":24},"end":{"line":27,"column":29}},"13":{"start":{"line":28,"column":4},"end":{"line":28,"column":62}},"14":{"start":{"line":32,"column":19},"end":{"line":32,"column":47}},"15":{"start":{"line":33,"column":4},"end":{"line":41,"column":5}},"16":{"start":{"line":34,"column":6},"end":{"line":36,"column":7}},"17":{"start":{"line":34,"column":19},"end":{"line":34,"column":20}},"18":{"start":{"line":35,"column":8},"end":{"line":35,"column":74}},"19":{"start":{"line":38,"column":6},"end":{"line":40,"column":7}},"20":{"start":{"line":38,"column":19},"end":{"line":38,"column":20}},"21":{"start":{"line":39,"column":8},"end":{"line":39,"column":74}},"22":{"start":{"line":42,"column":4},"end":{"line":42,"column":20}},"23":{"start":{"line":46,"column":21},"end":{"line":46,"column":81}},"24":{"start":{"line":47,"column":20},"end":{"line":47,"column":59}},"25":{"start":{"line":48,"column":27},"end":{"line":48,"column":52}},"26":{"start":{"line":49,"column":16},"end":{"line":49,"column":24}},"27":{"start":{"line":50,"column":4},"end":{"line":52,"column":5}},"28":{"start":{"line":50,"column":17},"end":{"line":50,"column":18}},"29":{"start":{"line":51,"column":6},"end":{"line":51,"column":82}},"30":{"start":{"line":53,"column":4},"end":{"line":53,"column":56}},"31":{"start":{"line":54,"column":20},"end":{"line":54,"column":83}},"32":{"start":{"line":55,"column":4},"end":{"line":55,"column":34}},"33":{"start":{"line":56,"column":4},"end":{"line":56,"column":40}},"34":{"start":{"line":57,"column":4},"end":{"line":57,"column":98}},"35":{"start":{"line":58,"column":4},"end":{"line":58,"column":45}},"36":{"start":{"line":59,"column":23},"end":{"line":59,"column":104}},"37":{"start":{"line":60,"column":4},"end":{"line":64,"column":5}},"38":{"start":{"line":60,"column":17},"end":{"line":60,"column":18}},"39":{"start":{"line":61,"column":6},"end":{"line":63,"column":7}},"40":{"start":{"line":62,"column":8},"end":{"line":62,"column":105}},"41":{"start":{"line":65,"column":4},"end":{"line":65,"column":24}}},"fnMap":{"0":{"name":"(anonymous_0)","decl":{"start":{"line":2,"column":2},"end":{"line":2,"column":3}},"loc":{"start":{"line":2,"column":28},"end":{"line":9,"column":3}},"line":2},"1":{"name":"(anonymous_1)","decl":{"start":{"line":11,"column":2},"end":{"line":11,"column":3}},"loc":{"start":{"line":11,"column":17},"end":{"line":14,"column":3}},"line":11},"2":{"name":"(anonymous_2)","decl":{"start":{"line":16,"column":2},"end":{"line":16,"column":3}},"loc":{"start":{"line":16,"column":15},"end":{"line":19,"column":3}},"line":16},"3":{"name":"(anonymous_3)","decl":{"start":{"line":21,"column":2},"end":{"line":21,"column":3}},"loc":{"start":{"line":21,"column":14},"end":{"line":24,"column":3}},"line":21},"4":{"name":"(anonymous_4)","decl":{"start":{"line":26,"column":2},"end":{"line":26,"column":3}},"loc":{"start":{"line":26,"column":17},"end":{"line":29,"column":3}},"line":26},"5":{"name":"(anonymous_5)","decl":{"start":{"line":31,"column":2},"end":{"line":31,"column":3}},"loc":{"start":{"line":31,"column":21},"end":{"line":43,"column":3}},"line":31},"6":{"name":"(anonymous_6)","decl":{"start":{"line":45,"column":2},"end":{"line":45,"column":3}},"loc":{"start":{"line":45,"column":17},"end":{"line":66,"column":3}},"line":45}},"branchMap":{"0":{"loc":{"start":{"line":33,"column":4},"end":{"line":41,"column":5}},"type":"if","locations":[{"start":{"line":33,"column":4},"end":{"line":41,"column":5}},{"start":{"line":33,"column":4},"end":{"line":41,"column":5}}],"line":33},"1":{"loc":{"start":{"line":61,"column":6},"end":{"line":63,"column":7}},"type":"if","locations":[{"start":{"line":61,"column":6},"end":{"line":63,"column":7}},{"start":{"line":61,"column":6},"end":{"line":63,"column":7}}],"line":61},"2":{"loc":{"start":{"line":61,"column":9},"end":{"line":61,"column":79}},"type":"binary-expr","locations":[{"start":{"line":61,"column":9},"end":{"line":61,"column":35}},{"start":{"line":61,"column":39},"end":{"line":61,"column":79}}],"line":61}},"s":{"0":9,"1":9,"2":9,"3":9,"4":9,"5":9,"6":2,"7":2,"8":2,"9":2,"10":2,"11":2,"12":2,"13":2,"14":2,"15":2,"16":1,"17":1,"18":5,"19":1,"20":1,"21":5,"22":2,"23":1,"24":1,"25":1,"26":1,"27":1,"28":1,"29":4,"30":1,"31":1,"32":1,"33":1,"34":1,"35":1,"36":1,"37":1,"38":1,"39":3,"40":0,"41":1},"f":{"0":9,"1":2,"2":2,"3":2,"4":2,"5":2,"6":1},"b":{"0":[1,1],"1":[0,3],"2":[3,0]},"_coverageSchema":"43e27e138ebf9cfc5966b082cf9a028302ed4184","hash":"8ba59763dc10edef4b961e89f85ddaff265383c3"}
}
