TN:
SF:/Users/difalcoa/Desktop/epicodus/code-review-5/src/solar-age.js
FN:2,(anonymous_0)
FN:10,(anonymous_1)
FN:15,(anonymous_2)
FN:20,(anonymous_3)
FN:25,(anonymous_4)
FN:30,(anonymous_5)
FN:44,(anonymous_6)
FNF:7
FNH:7
FNDA:9,(anonymous_0)
FNDA:2,(anonymous_1)
FNDA:2,(anonymous_2)
FNDA:2,(anonymous_3)
FNDA:2,(anonymous_4)
FNDA:2,(anonymous_5)
FNDA:1,(anonymous_6)
DA:3,9
DA:4,9
DA:5,9
DA:6,9
DA:7,9
DA:11,2
DA:12,2
DA:16,2
DA:17,2
DA:21,2
DA:22,2
DA:26,2
DA:27,2
DA:31,2
DA:32,2
DA:33,1
DA:34,5
DA:37,1
DA:38,5
DA:41,2
DA:45,1
DA:46,1
DA:47,1
DA:48,1
DA:49,4
DA:51,1
DA:52,1
DA:53,3
DA:54,1
DA:57,1
LF:30
LH:30
BRDA:32,0,0,1
BRDA:32,0,1,1
BRDA:53,1,0,1
BRDA:53,1,1,2
BRF:4
BRH:4
end_of_record
